<?xml version="1.0" encoding="UTF-8"?>
<testng-results ignored="0" total="4" passed="0" failed="4" skipped="0">
  <reporter-output>
  </reporter-output>
  <suite started-at="2022-10-07T10:45:23 COT" name="Default suite" finished-at="2022-10-07T10:45:26 COT" duration-ms="2927">
    <groups>
    </groups>
    <test started-at="2022-10-07T10:45:23 COT" name="Default test" finished-at="2022-10-07T10:45:26 COT" duration-ms="2927">
      <class name="com.RunTestNG.RunMobileTNG">
        <test-method is-config="true" signature="beforeClass(java.lang.String,java.lang.String,java.lang.String,java.lang.String,java.lang.String,java.lang.String,java.lang.String,java.lang.String,java.lang.String,java.lang.String)[pri:0, instance:com.RunTestNG.RunMobileTNG@192d43ce]" started-at="2022-10-07T10:45:23 COT" name="beforeClass" finished-at="2022-10-07T10:45:23 COT" duration-ms="29" status="PASS">
          <params>
            <param index="0">
              <value>
                <![CDATA[default]]>
              </value>
            </param>
            <param index="1">
              <value>
                <![CDATA[default]]>
              </value>
            </param>
            <param index="2">
              <value>
                <![CDATA[default]]>
              </value>
            </param>
            <param index="3">
              <value>
                <![CDATA[default]]>
              </value>
            </param>
            <param index="4">
              <value>
                <![CDATA[default]]>
              </value>
            </param>
            <param index="5">
              <value>
                <![CDATA[default]]>
              </value>
            </param>
            <param index="6">
              <value>
                <![CDATA[default]]>
              </value>
            </param>
            <param index="7">
              <value>
                <![CDATA[default]]>
              </value>
            </param>
            <param index="8">
              <value>
                <![CDATA[default]]>
              </value>
            </param>
            <param index="9">
              <value>
                <![CDATA[default]]>
              </value>
            </param>
          </params>
          <reporter-output>
          </reporter-output>
        </test-method> <!-- beforeClass -->
        <test-method signature="testMercadolibre(java.lang.String,java.lang.String,java.lang.String,java.lang.String,java.lang.String,java.lang.String)[pri:1, instance:com.RunTestNG.RunMobileTNG@192d43ce]" started-at="2022-10-07T10:45:24 COT" name="testMercadolibre" data-provider="mercadolibre" finished-at="2022-10-07T10:45:25 COT" duration-ms="999" status="FAIL">
          <params>
            <param index="0">
              <value>
                <![CDATA[juanpablo777@gmail.com]]>
              </value>
            </param>
            <param index="1">
              <value>
                <![CDATA[xbox]]>
              </value>
            </param>
            <param index="2">
              <value>
                <![CDATA[https://www.mercadolibre.com/]]>
              </value>
            </param>
            <param index="3">
              <value>
                <![CDATA[On]]>
              </value>
            </param>
            <param index="4">
              <value>
                <![CDATA[On]]>
              </value>
            </param>
            <param index="5">
              <value>
                <![CDATA[Juan Ortega C.]]>
              </value>
            </param>
          </params>
          <exception class="com.itextpdf.text.DocumentException">
            <message>
              <![CDATA[The document is not open yet; you can only add Meta information.]]>
            </message>
            <full-stacktrace>
              <![CDATA[com.itextpdf.text.DocumentException: The document is not open yet; you can only add Meta information.
at com.itextpdf.text.Document.add(Document.java:270)
at com.utilidades.GenerarReportePdf.cerrarPalntilla(GenerarReportePdf.java:174)
at com.RunTestNG.RunMobileTNG.testMercadolibre(RunMobileTNG.java:204)
at java.base/jdk.internal.reflect.DirectMethodHandleAccessor.invoke(DirectMethodHandleAccessor.java:104)
at java.base/java.lang.reflect.Method.invoke(Method.java:578)
at org.testng.internal.MethodInvocationHelper.invokeMethod(MethodInvocationHelper.java:133)
at org.testng.internal.TestInvoker.invokeMethod(TestInvoker.java:598)
at org.testng.internal.TestInvoker.invokeTestMethod(TestInvoker.java:173)
at org.testng.internal.MethodRunner.runInSequence(MethodRunner.java:46)
at org.testng.internal.TestInvoker$MethodInvocationAgent.invoke(TestInvoker.java:824)
at org.testng.internal.TestInvoker.invokeTestMethods(TestInvoker.java:146)
at org.testng.internal.TestMethodWorker.invokeTestMethods(TestMethodWorker.java:146)
at org.testng.internal.TestMethodWorker.run(TestMethodWorker.java:128)
at java.base/java.util.ArrayList.forEach(ArrayList.java:1511)
at org.testng.TestRunner.privateRun(TestRunner.java:794)
at org.testng.TestRunner.run(TestRunner.java:596)
at org.testng.SuiteRunner.runTest(SuiteRunner.java:377)
at org.testng.SuiteRunner.runSequentially(SuiteRunner.java:371)
at org.testng.SuiteRunner.privateRun(SuiteRunner.java:332)
at org.testng.SuiteRunner.run(SuiteRunner.java:276)
at org.testng.SuiteRunnerWorker.runSuite(SuiteRunnerWorker.java:53)
at org.testng.SuiteRunnerWorker.run(SuiteRunnerWorker.java:96)
at org.testng.TestNG.runSuitesSequentially(TestNG.java:1212)
at org.testng.TestNG.runSuitesLocally(TestNG.java:1134)
at org.testng.TestNG.runSuites(TestNG.java:1063)
at org.testng.TestNG.run(TestNG.java:1031)
at org.testng.remote.AbstractRemoteTestNG.run(AbstractRemoteTestNG.java:115)
at org.testng.remote.RemoteTestNG.initAndRun(RemoteTestNG.java:251)
at org.testng.remote.RemoteTestNG.main(RemoteTestNG.java:77)
]]>
            </full-stacktrace>
          </exception> <!-- com.itextpdf.text.DocumentException -->
          <reporter-output>
          </reporter-output>
        </test-method> <!-- testMercadolibre -->
        <test-method signature="testcalculadora(java.lang.String,java.lang.String,java.lang.String,java.lang.String,java.lang.String,java.lang.String,java.lang.String,java.lang.String)[pri:2, instance:com.RunTestNG.RunMobileTNG@192d43ce]" started-at="2022-10-07T10:45:25 COT" name="testcalculadora" data-provider="calculadora" finished-at="2022-10-07T10:45:26 COT" duration-ms="250" status="FAIL">
          <params>
            <param index="0">
              <value>
                <![CDATA[12344]]>
              </value>
            </param>
            <param index="1">
              <value>
                <![CDATA[restar]]>
              </value>
            </param>
            <param index="2">
              <value>
                <![CDATA[1234]]>
              </value>
            </param>
            <param index="3">
              <value>
                <![CDATA[On]]>
              </value>
            </param>
            <param index="4">
              <value>
                <![CDATA[com.miui.calculator]]>
              </value>
            </param>
            <param index="5">
              <value>
                <![CDATA[com.miui.calculator.cal.CalculatorActivity]]>
              </value>
            </param>
            <param index="6">
              <value>
                <![CDATA[On]]>
              </value>
            </param>
            <param index="7">
              <value>
                <![CDATA[Juan Ortega C.]]>
              </value>
            </param>
          </params>
          <exception class="com.itextpdf.text.DocumentException">
            <message>
              <![CDATA[The document is not open yet; you can only add Meta information.]]>
            </message>
            <full-stacktrace>
              <![CDATA[com.itextpdf.text.DocumentException: The document is not open yet; you can only add Meta information.
at com.itextpdf.text.Document.add(Document.java:270)
at com.utilidades.GenerarReportePdf.cerrarPalntilla(GenerarReportePdf.java:174)
at com.RunTestNG.RunMobileTNG.testcalculadora(RunMobileTNG.java:145)
at java.base/jdk.internal.reflect.DirectMethodHandleAccessor.invoke(DirectMethodHandleAccessor.java:104)
at java.base/java.lang.reflect.Method.invoke(Method.java:578)
at org.testng.internal.MethodInvocationHelper.invokeMethod(MethodInvocationHelper.java:133)
at org.testng.internal.TestInvoker.invokeMethod(TestInvoker.java:598)
at org.testng.internal.TestInvoker.invokeTestMethod(TestInvoker.java:173)
at org.testng.internal.MethodRunner.runInSequence(MethodRunner.java:46)
at org.testng.internal.TestInvoker$MethodInvocationAgent.invoke(TestInvoker.java:824)
at org.testng.internal.TestInvoker.invokeTestMethods(TestInvoker.java:146)
at org.testng.internal.TestMethodWorker.invokeTestMethods(TestMethodWorker.java:146)
at org.testng.internal.TestMethodWorker.run(TestMethodWorker.java:128)
at java.base/java.util.ArrayList.forEach(ArrayList.java:1511)
at org.testng.TestRunner.privateRun(TestRunner.java:794)
at org.testng.TestRunner.run(TestRunner.java:596)
at org.testng.SuiteRunner.runTest(SuiteRunner.java:377)
at org.testng.SuiteRunner.runSequentially(SuiteRunner.java:371)
at org.testng.SuiteRunner.privateRun(SuiteRunner.java:332)
at org.testng.SuiteRunner.run(SuiteRunner.java:276)
at org.testng.SuiteRunnerWorker.runSuite(SuiteRunnerWorker.java:53)
at org.testng.SuiteRunnerWorker.run(SuiteRunnerWorker.java:96)
at org.testng.TestNG.runSuitesSequentially(TestNG.java:1212)
at org.testng.TestNG.runSuitesLocally(TestNG.java:1134)
at org.testng.TestNG.runSuites(TestNG.java:1063)
at org.testng.TestNG.run(TestNG.java:1031)
at org.testng.remote.AbstractRemoteTestNG.run(AbstractRemoteTestNG.java:115)
at org.testng.remote.RemoteTestNG.initAndRun(RemoteTestNG.java:251)
at org.testng.remote.RemoteTestNG.main(RemoteTestNG.java:77)
]]>
            </full-stacktrace>
          </exception> <!-- com.itextpdf.text.DocumentException -->
          <reporter-output>
          </reporter-output>
        </test-method> <!-- testcalculadora -->
        <test-method signature="testToolsQA(java.lang.String,java.lang.String,java.lang.String,java.lang.String,java.lang.String)[pri:3, instance:com.RunTestNG.RunMobileTNG@192d43ce]" started-at="2022-10-07T10:45:26 COT" name="testToolsQA" data-provider="toolsqa" finished-at="2022-10-07T10:45:26 COT" duration-ms="294" status="FAIL">
          <params>
            <param index="0">
              <value>
                <![CDATA[automatizacion]]>
              </value>
            </param>
            <param index="1">
              <value>
                <![CDATA[https://demoqa.com/]]>
              </value>
            </param>
            <param index="2">
              <value>
                <![CDATA[On]]>
              </value>
            </param>
            <param index="3">
              <value>
                <![CDATA[On]]>
              </value>
            </param>
            <param index="4">
              <value>
                <![CDATA[Juan Ortega C.]]>
              </value>
            </param>
          </params>
          <exception class="com.itextpdf.text.DocumentException">
            <message>
              <![CDATA[The document is not open yet; you can only add Meta information.]]>
            </message>
            <full-stacktrace>
              <![CDATA[com.itextpdf.text.DocumentException: The document is not open yet; you can only add Meta information.
at com.itextpdf.text.Document.add(Document.java:270)
at com.utilidades.GenerarReportePdf.cerrarPalntilla(GenerarReportePdf.java:174)
at com.RunTestNG.RunMobileTNG.testToolsQA(RunMobileTNG.java:265)
at java.base/jdk.internal.reflect.DirectMethodHandleAccessor.invoke(DirectMethodHandleAccessor.java:104)
at java.base/java.lang.reflect.Method.invoke(Method.java:578)
at org.testng.internal.MethodInvocationHelper.invokeMethod(MethodInvocationHelper.java:133)
at org.testng.internal.TestInvoker.invokeMethod(TestInvoker.java:598)
at org.testng.internal.TestInvoker.invokeTestMethod(TestInvoker.java:173)
at org.testng.internal.MethodRunner.runInSequence(MethodRunner.java:46)
at org.testng.internal.TestInvoker$MethodInvocationAgent.invoke(TestInvoker.java:824)
at org.testng.internal.TestInvoker.invokeTestMethods(TestInvoker.java:146)
at org.testng.internal.TestMethodWorker.invokeTestMethods(TestMethodWorker.java:146)
at org.testng.internal.TestMethodWorker.run(TestMethodWorker.java:128)
at java.base/java.util.ArrayList.forEach(ArrayList.java:1511)
at org.testng.TestRunner.privateRun(TestRunner.java:794)
at org.testng.TestRunner.run(TestRunner.java:596)
at org.testng.SuiteRunner.runTest(SuiteRunner.java:377)
at org.testng.SuiteRunner.runSequentially(SuiteRunner.java:371)
at org.testng.SuiteRunner.privateRun(SuiteRunner.java:332)
at org.testng.SuiteRunner.run(SuiteRunner.java:276)
at org.testng.SuiteRunnerWorker.runSuite(SuiteRunnerWorker.java:53)
at org.testng.SuiteRunnerWorker.run(SuiteRunnerWorker.java:96)
at org.testng.TestNG.runSuitesSequentially(TestNG.java:1212)
at org.testng.TestNG.runSuitesLocally(TestNG.java:1134)
at org.testng.TestNG.runSuites(TestNG.java:1063)
at org.testng.TestNG.run(TestNG.java:1031)
at org.testng.remote.AbstractRemoteTestNG.run(AbstractRemoteTestNG.java:115)
at org.testng.remote.RemoteTestNG.initAndRun(RemoteTestNG.java:251)
at org.testng.remote.RemoteTestNG.main(RemoteTestNG.java:77)
]]>
            </full-stacktrace>
          </exception> <!-- com.itextpdf.text.DocumentException -->
          <reporter-output>
          </reporter-output>
        </test-method> <!-- testToolsQA -->
        <test-method signature="testToolsQAWidgets(java.lang.String,java.lang.String,java.lang.String,java.lang.String)[pri:4, instance:com.RunTestNG.RunMobileTNG@192d43ce]" started-at="2022-10-07T10:45:26 COT" name="testToolsQAWidgets" data-provider="toolsqaWidgets" finished-at="2022-10-07T10:45:26 COT" duration-ms="235" status="FAIL">
          <params>
            <param index="0">
              <value>
                <![CDATA[https://demoqa.com/]]>
              </value>
            </param>
            <param index="1">
              <value>
                <![CDATA[On]]>
              </value>
            </param>
            <param index="2">
              <value>
                <![CDATA[On]]>
              </value>
            </param>
            <param index="3">
              <value>
                <![CDATA[Juan Ortega C.]]>
              </value>
            </param>
          </params>
          <exception class="com.itextpdf.text.DocumentException">
            <message>
              <![CDATA[The document is not open yet; you can only add Meta information.]]>
            </message>
            <full-stacktrace>
              <![CDATA[com.itextpdf.text.DocumentException: The document is not open yet; you can only add Meta information.
at com.itextpdf.text.Document.add(Document.java:270)
at com.utilidades.GenerarReportePdf.cerrarPalntilla(GenerarReportePdf.java:174)
at com.RunTestNG.RunMobileTNG.testToolsQAWidgets(RunMobileTNG.java:326)
at java.base/jdk.internal.reflect.DirectMethodHandleAccessor.invoke(DirectMethodHandleAccessor.java:104)
at java.base/java.lang.reflect.Method.invoke(Method.java:578)
at org.testng.internal.MethodInvocationHelper.invokeMethod(MethodInvocationHelper.java:133)
at org.testng.internal.TestInvoker.invokeMethod(TestInvoker.java:598)
at org.testng.internal.TestInvoker.invokeTestMethod(TestInvoker.java:173)
at org.testng.internal.MethodRunner.runInSequence(MethodRunner.java:46)
at org.testng.internal.TestInvoker$MethodInvocationAgent.invoke(TestInvoker.java:824)
at org.testng.internal.TestInvoker.invokeTestMethods(TestInvoker.java:146)
at org.testng.internal.TestMethodWorker.invokeTestMethods(TestMethodWorker.java:146)
at org.testng.internal.TestMethodWorker.run(TestMethodWorker.java:128)
at java.base/java.util.ArrayList.forEach(ArrayList.java:1511)
at org.testng.TestRunner.privateRun(TestRunner.java:794)
at org.testng.TestRunner.run(TestRunner.java:596)
at org.testng.SuiteRunner.runTest(SuiteRunner.java:377)
at org.testng.SuiteRunner.runSequentially(SuiteRunner.java:371)
at org.testng.SuiteRunner.privateRun(SuiteRunner.java:332)
at org.testng.SuiteRunner.run(SuiteRunner.java:276)
at org.testng.SuiteRunnerWorker.runSuite(SuiteRunnerWorker.java:53)
at org.testng.SuiteRunnerWorker.run(SuiteRunnerWorker.java:96)
at org.testng.TestNG.runSuitesSequentially(TestNG.java:1212)
at org.testng.TestNG.runSuitesLocally(TestNG.java:1134)
at org.testng.TestNG.runSuites(TestNG.java:1063)
at org.testng.TestNG.run(TestNG.java:1031)
at org.testng.remote.AbstractRemoteTestNG.run(AbstractRemoteTestNG.java:115)
at org.testng.remote.RemoteTestNG.initAndRun(RemoteTestNG.java:251)
at org.testng.remote.RemoteTestNG.main(RemoteTestNG.java:77)
]]>
            </full-stacktrace>
          </exception> <!-- com.itextpdf.text.DocumentException -->
          <reporter-output>
          </reporter-output>
        </test-method> <!-- testToolsQAWidgets -->
        <test-method is-config="true" signature="afterClass()[pri:0, instance:com.RunTestNG.RunMobileTNG@192d43ce]" started-at="2022-10-07T10:45:26 COT" name="afterClass" finished-at="2022-10-07T10:45:26 COT" duration-ms="15" status="FAIL">
          <exception class="java.lang.NullPointerException">
            <message>
              <![CDATA[Cannot invoke "io.appium.java_client.AppiumDriver.quit()" because "this.driver" is null]]>
            </message>
            <full-stacktrace>
              <![CDATA[java.lang.NullPointerException: Cannot invoke "io.appium.java_client.AppiumDriver.quit()" because "this.driver" is null
at com.RunTestNG.RunMobileTNG.afterClass(RunMobileTNG.java:347)
at java.base/jdk.internal.reflect.DirectMethodHandleAccessor.invoke(DirectMethodHandleAccessor.java:104)
at java.base/java.lang.reflect.Method.invoke(Method.java:578)
at org.testng.internal.MethodInvocationHelper.invokeMethod(MethodInvocationHelper.java:133)
at org.testng.internal.MethodInvocationHelper.invokeMethodConsideringTimeout(MethodInvocationHelper.java:62)
at org.testng.internal.ConfigInvoker.invokeConfigurationMethod(ConfigInvoker.java:385)
at org.testng.internal.ConfigInvoker.invokeConfigurations(ConfigInvoker.java:321)
at org.testng.internal.TestMethodWorker.invokeAfterClassMethods(TestMethodWorker.java:217)
at org.testng.internal.TestMethodWorker.run(TestMethodWorker.java:130)
at java.base/java.util.ArrayList.forEach(ArrayList.java:1511)
at org.testng.TestRunner.privateRun(TestRunner.java:794)
at org.testng.TestRunner.run(TestRunner.java:596)
at org.testng.SuiteRunner.runTest(SuiteRunner.java:377)
at org.testng.SuiteRunner.runSequentially(SuiteRunner.java:371)
at org.testng.SuiteRunner.privateRun(SuiteRunner.java:332)
at org.testng.SuiteRunner.run(SuiteRunner.java:276)
at org.testng.SuiteRunnerWorker.runSuite(SuiteRunnerWorker.java:53)
at org.testng.SuiteRunnerWorker.run(SuiteRunnerWorker.java:96)
at org.testng.TestNG.runSuitesSequentially(TestNG.java:1212)
at org.testng.TestNG.runSuitesLocally(TestNG.java:1134)
at org.testng.TestNG.runSuites(TestNG.java:1063)
at org.testng.TestNG.run(TestNG.java:1031)
at org.testng.remote.AbstractRemoteTestNG.run(AbstractRemoteTestNG.java:115)
at org.testng.remote.RemoteTestNG.initAndRun(RemoteTestNG.java:251)
at org.testng.remote.RemoteTestNG.main(RemoteTestNG.java:77)
]]>
            </full-stacktrace>
          </exception> <!-- java.lang.NullPointerException -->
          <reporter-output>
          </reporter-output>
        </test-method> <!-- afterClass -->
      </class> <!-- com.RunTestNG.RunMobileTNG -->
    </test> <!-- Default test -->
  </suite> <!-- Default suite -->
</testng-results>
